<?xml version="1.0" encoding="UTF-8"?>
<testng-results skipped="0" failed="2" total="6" passed="4">
  <reporter-output>
  </reporter-output>
  <suite name="Default suite" duration-ms="4271" started-at="2021-12-22T02:52:56Z" finished-at="2021-12-22T02:53:01Z">
    <groups>
    </groups>
    <test name="Default test" duration-ms="4271" started-at="2021-12-22T02:52:56Z" finished-at="2021-12-22T02:53:01Z">
      <class name="api.CurrentOpenWeather">
        <test-method status="PASS" signature="main(java.lang.String, java.lang.String, java.lang.String)[pri:0, instance:api.CurrentOpenWeather@564718df]" name="main" duration-ms="3324" started-at="2021-12-21T21:52:56Z" data-provider="testData" finished-at="2021-12-21T21:53:00Z">
          <params>
            <param index="0">
              <value>
                <![CDATA[2643743]]>
              </value>
            </param>
            <param index="1">
              <value>
                <![CDATA[9d50450a48809637b4862bdcb125927d]]>
              </value>
            </param>
            <param index="2">
              <value>
                <![CDATA[London]]>
              </value>
            </param>
          </params>
          <reporter-output>
          </reporter-output>
        </test-method> <!-- main -->
        <test-method status="PASS" signature="main(java.lang.String, java.lang.String, java.lang.String)[pri:0, instance:api.CurrentOpenWeather@564718df]" name="main" duration-ms="173" started-at="2021-12-21T21:53:00Z" data-provider="testData" finished-at="2021-12-21T21:53:00Z">
          <params>
            <param index="0">
              <value>
                <![CDATA[2988507]]>
              </value>
            </param>
            <param index="1">
              <value>
                <![CDATA[9d50450a48809637b4862bdcb125927d]]>
              </value>
            </param>
            <param index="2">
              <value>
                <![CDATA[Paris]]>
              </value>
            </param>
          </params>
          <reporter-output>
          </reporter-output>
        </test-method> <!-- main -->
        <test-method status="PASS" signature="main(java.lang.String, java.lang.String, java.lang.String)[pri:0, instance:api.CurrentOpenWeather@564718df]" name="main" duration-ms="239" started-at="2021-12-21T21:53:00Z" data-provider="testData" finished-at="2021-12-21T21:53:00Z">
          <params>
            <param index="0">
              <value>
                <![CDATA[5128581]]>
              </value>
            </param>
            <param index="1">
              <value>
                <![CDATA[9d50450a48809637b4862bdcb125927d]]>
              </value>
            </param>
            <param index="2">
              <value>
                <![CDATA[New York]]>
              </value>
            </param>
          </params>
          <reporter-output>
          </reporter-output>
        </test-method> <!-- main -->
        <test-method status="FAIL" signature="main(java.lang.String, java.lang.String, java.lang.String)[pri:0, instance:api.CurrentOpenWeather@564718df]" name="main" duration-ms="182" started-at="2021-12-21T21:53:00Z" data-provider="testData" finished-at="2021-12-21T21:53:00Z">
          <params>
            <param index="0">
              <value>
                <![CDATA[2650225]]>
              </value>
            </param>
            <param index="1">
              <value>
                <![CDATA[9d50450a48809637b4862bdcb125927d]]>
              </value>
            </param>
            <param index="2">
              <value>
                <![CDATA[Delhi]]>
              </value>
            </param>
          </params>
          <exception class="java.lang.AssertionError">
            <message>
              <![CDATA[expected [Delhi] but found [Edinburgh]]]>
            </message>
            <full-stacktrace>
              <![CDATA[java.lang.AssertionError: expected [Delhi] but found [Edinburgh]
	at org.testng.Assert.fail(Assert.java:89)
	at org.testng.Assert.failNotEquals(Assert.java:489)
	at org.testng.Assert.assertEquals(Assert.java:118)
	at org.testng.Assert.assertEquals(Assert.java:171)
	at org.testng.Assert.assertEquals(Assert.java:181)
	at api.CurrentOpenWeather.main(CurrentOpenWeather.java:98)
	at sun.reflect.NativeMethodAccessorImpl.invoke0(Native Method)
	at sun.reflect.NativeMethodAccessorImpl.invoke(NativeMethodAccessorImpl.java:62)
	at sun.reflect.DelegatingMethodAccessorImpl.invoke(DelegatingMethodAccessorImpl.java:43)
	at java.lang.reflect.Method.invoke(Method.java:498)
	at org.testng.internal.MethodInvocationHelper.invokeMethod(MethodInvocationHelper.java:80)
	at org.testng.internal.Invoker.invokeMethod(Invoker.java:715)
	at org.testng.internal.Invoker.invokeTestMethod(Invoker.java:907)
	at org.testng.internal.Invoker.invokeTestMethods(Invoker.java:1237)
	at org.testng.internal.TestMethodWorker.invokeTestMethods(TestMethodWorker.java:127)
	at org.testng.internal.TestMethodWorker.run(TestMethodWorker.java:111)
	at org.testng.TestRunner.privateRun(TestRunner.java:767)
	at org.testng.TestRunner.run(TestRunner.java:617)
	at org.testng.SuiteRunner.runTest(SuiteRunner.java:334)
	at org.testng.SuiteRunner.runSequentially(SuiteRunner.java:329)
	at org.testng.SuiteRunner.privateRun(SuiteRunner.java:291)
	at org.testng.SuiteRunner.run(SuiteRunner.java:240)
	at org.testng.SuiteRunnerWorker.runSuite(SuiteRunnerWorker.java:51)
	at org.testng.SuiteRunnerWorker.run(SuiteRunnerWorker.java:85)
	at org.testng.TestNG.runSuitesSequentially(TestNG.java:1197)
	at org.testng.TestNG.runSuitesLocally(TestNG.java:1122)
	at org.testng.TestNG.run(TestNG.java:1030)
	at org.testng.remote.AbstractRemoteTestNG.run(AbstractRemoteTestNG.java:115)
	at org.testng.remote.RemoteTestNG.initAndRun(RemoteTestNG.java:251)
	at org.testng.remote.RemoteTestNG.main(RemoteTestNG.java:77)
]]>
            </full-stacktrace>
          </exception> <!-- java.lang.AssertionError -->
          <reporter-output>
          </reporter-output>
        </test-method> <!-- main -->
        <test-method status="PASS" signature="main(java.lang.String, java.lang.String, java.lang.String)[pri:0, instance:api.CurrentOpenWeather@564718df]" name="main" duration-ms="152" started-at="2021-12-21T21:53:00Z" data-provider="testData" finished-at="2021-12-21T21:53:01Z">
          <params>
            <param index="0">
              <value>
                <![CDATA[1850147]]>
              </value>
            </param>
            <param index="1">
              <value>
                <![CDATA[9d50450a48809637b4862bdcb125927d]]>
              </value>
            </param>
            <param index="2">
              <value>
                <![CDATA[Tokyo]]>
              </value>
            </param>
          </params>
          <reporter-output>
          </reporter-output>
        </test-method> <!-- main -->
        <test-method status="FAIL" signature="main(java.lang.String, java.lang.String, java.lang.String)[pri:0, instance:api.CurrentOpenWeather@564718df]" name="main" duration-ms="165" started-at="2021-12-21T21:53:01Z" data-provider="testData" finished-at="2021-12-21T21:53:01Z">
          <params>
            <param index="0">
              <value>
                <![CDATA[xxxxx]]>
              </value>
            </param>
            <param index="1">
              <value>
                <![CDATA[xxxxx]]>
              </value>
            </param>
            <param index="2">
              <value>
                <![CDATA[Toronto]]>
              </value>
            </param>
          </params>
          <exception class="java.lang.AssertionError">
            <message>
              <![CDATA[expected [Invalid API key. Please see http://openweathermap.org/faq#error401 for more info] but found [Invalid API key. Please see http://openweathermap.org/faq#error401 for more info.]]]>
            </message>
            <full-stacktrace>
              <![CDATA[java.lang.AssertionError: expected [Invalid API key. Please see http://openweathermap.org/faq#error401 for more info] but found [Invalid API key. Please see http://openweathermap.org/faq#error401 for more info.]
	at org.testng.Assert.fail(Assert.java:89)
	at org.testng.Assert.failNotEquals(Assert.java:489)
	at org.testng.Assert.assertEquals(Assert.java:118)
	at org.testng.Assert.assertEquals(Assert.java:171)
	at org.testng.Assert.assertEquals(Assert.java:181)
	at api.CurrentOpenWeather.main(CurrentOpenWeather.java:119)
	at sun.reflect.NativeMethodAccessorImpl.invoke0(Native Method)
	at sun.reflect.NativeMethodAccessorImpl.invoke(NativeMethodAccessorImpl.java:62)
	at sun.reflect.DelegatingMethodAccessorImpl.invoke(DelegatingMethodAccessorImpl.java:43)
	at java.lang.reflect.Method.invoke(Method.java:498)
	at org.testng.internal.MethodInvocationHelper.invokeMethod(MethodInvocationHelper.java:80)
	at org.testng.internal.Invoker.invokeMethod(Invoker.java:715)
	at org.testng.internal.Invoker.invokeTestMethod(Invoker.java:907)
	at org.testng.internal.Invoker.invokeTestMethods(Invoker.java:1237)
	at org.testng.internal.TestMethodWorker.invokeTestMethods(TestMethodWorker.java:127)
	at org.testng.internal.TestMethodWorker.run(TestMethodWorker.java:111)
	at org.testng.TestRunner.privateRun(TestRunner.java:767)
	at org.testng.TestRunner.run(TestRunner.java:617)
	at org.testng.SuiteRunner.runTest(SuiteRunner.java:334)
	at org.testng.SuiteRunner.runSequentially(SuiteRunner.java:329)
	at org.testng.SuiteRunner.privateRun(SuiteRunner.java:291)
	at org.testng.SuiteRunner.run(SuiteRunner.java:240)
	at org.testng.SuiteRunnerWorker.runSuite(SuiteRunnerWorker.java:51)
	at org.testng.SuiteRunnerWorker.run(SuiteRunnerWorker.java:85)
	at org.testng.TestNG.runSuitesSequentially(TestNG.java:1197)
	at org.testng.TestNG.runSuitesLocally(TestNG.java:1122)
	at org.testng.TestNG.run(TestNG.java:1030)
	at org.testng.remote.AbstractRemoteTestNG.run(AbstractRemoteTestNG.java:115)
	at org.testng.remote.RemoteTestNG.initAndRun(RemoteTestNG.java:251)
	at org.testng.remote.RemoteTestNG.main(RemoteTestNG.java:77)
]]>
            </full-stacktrace>
          </exception> <!-- java.lang.AssertionError -->
          <reporter-output>
          </reporter-output>
        </test-method> <!-- main -->
      </class> <!-- api.CurrentOpenWeather -->
    </test> <!-- Default test -->
  </suite> <!-- Default suite -->
</testng-results>
